13 [23026067322752] INFO perfrun.launcher <> - Launcher main begin
18 [23026067322752] INFO perfrun.launcher <> - MessageCatalogInit finished
18 [23026067322752] INFO perfrun.launcher <> - Launcher instance created
18 [23026067322752] INFO perfrun.launcher <> - argc = 7; cmdline = /mnt/netapp1/Optcesga_FT2_RHEL7/2020/software/Core/advisor/2021.4.0/advisor/2021.4.0/bin64/advixe-runss --ui-output-format xml --ui-output-fd 7 --option-file /mnt/netapp2/Home_FT2/home/ulc/cursos/curso394/HPCTools_trabajo/compilers_y_profiling/hpctools/adv_report/e000/hs001/config/runss.options 
75 [23026067322752] INFO perfrun.launcher <> - create msngr2::ICliToolContext
75 [23026067322752] INFO perfrun.launcher <> - create file finder object
75 [23026067322752] INFO perfrun.launcher <> - create a result directory: pattern = /mnt/netapp2/Home_FT2/home/ulc/cursos/curso394/HPCTools_trabajo/compilers_y_profiling/hpctools/adv_report/e000/hs001 pid = 4294967295
80 [23026067322752] INFO perfrun.sdk <> - checked that the directory /mnt/netapp2/Home_FT2/home/ulc/cursos/curso394/HPCTools_trabajo/compilers_y_profiling/hpctools/adv_report/e000/hs001 is a local directory
80 [23026067322752] INFO perfrun.sdk <> - the directory /mnt/netapp2/Home_FT2/home/ulc/cursos/curso394/HPCTools_trabajo/compilers_y_profiling/hpctools/adv_report/e000/hs001 is located on a share or its FS ID is unknown 26985
80 [23026067322752] INFO perfrun.sdk <> - checked that the directory /scratch/2904303/advixe-tmp-curso394 is a local directory
80 [23026067322752] INFO perfrun.sdk <> - the directory /scratch/2904303/advixe-tmp-curso394 is a local directory with FS type ID 61267
80 [23026067322752] INFO perfrun.launcher <> - Create a local result directory /scratch/2904303/advixe-tmp-curso394/advixe-res-1502483-40607541048078937 due to the user result path /mnt/netapp2/Home_FT2/home/ulc/cursos/curso394/HPCTools_trabajo/compilers_y_profiling/hpctools/adv_report/e000/hs001 is located on a share
80 [23026067322752] INFO perfrun.launcher <> - create data directory = /scratch/2904303/advixe-tmp-curso394/advixe-res-1502483-40607541048078937/data.0
82 [23026067322752] INFO perfrun.launcher <> - create data directory = /mnt/netapp2/Home_FT2/home/ulc/cursos/curso394/HPCTools_trabajo/compilers_y_profiling/hpctools/adv_report/e000/hs001/data.0
84 [23026067322752] INFO perfrun.launcher <> - Creating the master collection flag
88 [23026067322752] INFO perfrun.launcher <> - Done creating the master collection flag
92 [23025941341952] INFO perfrun.launcher <> - plugin [remoteplug] was disabled because it doesn't support the given collection type.
93 [23025941341952] INFO perfrun.sdk <> - Allocating TMU :/scratch/2904303/advixe-tmp-curso394/advixe-res-1502483-40607541048078937/data.0/systemcollector-1502483-c206-3.sc
93 [23025941341952] INFO perfrun.launcher <> - plugin [] was disabled because it doesn't support the given collection type.
93 [23025941341952] INFO perfrun.launcher <> - plugin [gpu] was disabled because it doesn't support the given collection type.
93 [23025941341952] INFO perfrun.launcher <> - plugin [] was disabled because it doesn't support the given collection type.
93 [23025941341952] INFO perfrun.launcher <> - plugin [] was disabled because it doesn't support the given collection type.
93 [23025941341952] INFO perfrun.launcher <> - plugin [] was disabled because it doesn't support the given collection type.
93 [23025941341952] INFO perfrun.mrte <> - system-wide mode is 0
93 [23025941341952] INFO perfrun.mrte <> - Getting  mrte profiling environment ...
110 [23025941341952] INFO perfrun.mrte <> - INTEL_MRTE_DATA_DIR=/scratch/2904303/advixe-tmp-curso394/advixe-res-1502483-40607541048078937/data.0
110 [23025941341952] INFO perfrun.mrte <> - INTEL_MRTE_HOST_NAME=c206-3
110 [23025941341952] INFO perfrun.mrte <> - Data directory: /scratch/2904303/advixe-tmp-curso394/advixe-res-1502483-40607541048078937/data.0
110 [23025941341952] INFO perfrun.mrte <> - Mrte plugin is initialized
110 [23025941341952] INFO perfrun.launcher <> - plugin [] was disabled because it doesn't support the given collection type.
110 [23025941341952] INFO perfrun.launcher <> - plugin [] was disabled because it doesn't support the given collection type.
110 [23025941341952] INFO perfrun.launcher <> - plugin [] was disabled because it doesn't support the given collection type.
110 [23025941341952] INFO perfrun.launcher <> - plugin [] was disabled because it doesn't support the given collection type.
110 [23025941341952] INFO perfrun.launcher <> - plugin [] was disabled because it doesn't support the given collection type.
110 [23025941341952] INFO perfrun.launcher <> - plugin [] was disabled because it doesn't support the given collection type.
110 [23025941341952] INFO perfrun.launcher <> - plugin [] was disabled because it doesn't support the given collection type.
110 [23025941341952] INFO perfrun.tpss <> - initialize tpss controller
110 [23025941341952] INFO perfrun.tpss <> - configure collection mode: value = cpu:stack
110 [23025941341952] INFO perfrun.tpss <> - default obj-size-min=1024
110 [23025941341952] INFO perfrun.tpss <> - default hash-table-size=0
110 [23025941341952] INFO perfrun.launcher <> - plugin [] was disabled because it doesn't support the given collection type.
110 [23025941341952] INFO perfrun.launcher <> - plugin [] was disabled because it doesn't support the given collection type.
110 [23025941341952] INFO perfrun.launcher <> - plugin [] was disabled because it doesn't support the given collection type.
110 [23025941341952] INFO perfrun.launcher <> - plugin [] was disabled because it doesn't support the given collection type.
110 [23025941341952] INFO perfrun.launcher <> - plugin [] was disabled because it doesn't support the given collection type.
110 [23025941341952] INFO perfrun.launcher <> - plugin [] was disabled because it doesn't support the given collection type.
110 [23025941341952] INFO perfrun.launcher <> - plugin [] was disabled because it doesn't support the given collection type.
110 [23025941341952] INFO perfrun.launcher <> - plugin [] was disabled because it doesn't support the given collection type.
110 [23025941341952] INFO perfrun.launcher <> - plugin [] was disabled because it doesn't support the given collection type.
110 [23025941341952] INFO perfrun.launcher <> - plugin [] was disabled because it doesn't support the given collection type.
110 [23026067322752] INFO perfrun.launcher <> - set environment variable: LD_LIBRARY_PATH = /mnt/netapp1/Optcesga_FT2_RHEL7/2020/software/Core/advisor/2021.4.0/advisor/2021.4.0/lib32/runtime:/mnt/netapp1/Optcesga_FT2_RHEL7/2020/software/Core/advisor/2021.4.0/advisor/2021.4.0/lib64/runtime:/opt/cesga/2020/software/Core/advisor/2021.4.0/advisor/2021.4.0/lib64:/opt/cesga/2020/software/Compiler/gcccore/system/valgrind/3.19.0/lib:/opt/cesga/2020/software/Core/imkl/2021.3.0/compiler/latest/linux/compiler/lib/intel64_lin:/opt/cesga/2020/software/Core/imkl/2021.3.0/compiler/latest/linux/lib/emu:/opt/cesga/2020/software/Core/imkl/2021.3.0/compiler/latest/linux/lib/x64:/opt/cesga/2020/software/Core/imkl/2021.3.0/compiler/latest/linux/lib:/opt/cesga/2020/software/Core/imkl/2021.3.0/tbb/latest/lib/intel64/gcc4.8:/opt/cesga/2020/software/Core/imkl/2021.3.0/lib/intel64:/opt/cesga/2020/software/Core/intel/2021.3.0/tbb/2021.3.0/lib/intel64/gcc4.8:/opt/cesga/2020/software/Core/intel/2021.3.0/compiler/2021.3.0/linux/lib/emu:/opt/cesga/2020/software/Core/intel/2021.3.0/compiler/2021.3.0/linux/lib/x64:/opt/cesga/2020/software/Core/intel/2021.3.0/compiler/2021.3.0/linux/compiler/lib/intel64_lin:/opt/cesga/2020/software/Core/intel/2021.3.0/compiler/2021.3.0/linux/lib:/mnt/netapp1/Optcesga_FT2_RHEL7/2020/gentoo/22072020/usr/gr/lib64
110 [23026067322752] INFO perfrun.launcher <> - set environment variable: INTEL_LIBITTNOTIFY32 = /mnt/netapp1/Optcesga_FT2_RHEL7/2020/software/Core/advisor/2021.4.0/advisor/2021.4.0/lib32/runtime/libittnotify_collector.so
110 [23026067322752] INFO perfrun.launcher <> - set environment variable: INTEL_LIBITTNOTIFY64 = /mnt/netapp1/Optcesga_FT2_RHEL7/2020/software/Core/advisor/2021.4.0/advisor/2021.4.0/lib64/runtime/libittnotify_collector.so
110 [23026067322752] INFO perfrun.launcher <> - set environment variable: INTEL_ITTNOTIFY_GROUPS = 
110 [23026067322752] INFO perfrun.launcher <> - set environment variable: INTEL_JIT_PROFILER32 = /mnt/netapp1/Optcesga_FT2_RHEL7/2020/software/Core/advisor/2021.4.0/advisor/2021.4.0/lib32/runtime/libittnotify_collector.so
110 [23026067322752] INFO perfrun.launcher <> - set environment variable: INTEL_JIT_PROFILER64 = /mnt/netapp1/Optcesga_FT2_RHEL7/2020/software/Core/advisor/2021.4.0/advisor/2021.4.0/lib64/runtime/libittnotify_collector.so
110 [23026067322752] INFO perfrun.launcher <> - set environment variable: VS_PROFILER = libittnotify_collector.so
110 [23026067322752] INFO perfrun.launcher <> - set environment variable: OMP_TOOL_LIBRARIES = /mnt/netapp1/Optcesga_FT2_RHEL7/2020/software/Core/advisor/2021.4.0/advisor/2021.4.0/lib32/runtime/libittnotify_collector.so:/mnt/netapp1/Optcesga_FT2_RHEL7/2020/software/Core/advisor/2021.4.0/advisor/2021.4.0/lib64/runtime/libittnotify_collector.so
110 [23026067322752] INFO perfrun.launcher <> - set environment variable: ENABLE_JITPROFILING = 1
110 [23026067322752] INFO perfrun.launcher <> - set environment variable: CL_CONFIG_USE_VTUNE = True
110 [23026067322752] INFO perfrun.launcher <> - set environment variable: KMP_FORKJOIN_FRAMES = 0
110 [23026067322752] INFO perfrun.launcher <> - set environment variable: KMP_FORKJOIN_FRAMES_MODE = 0
110 [23026067322752] INFO perfrun.launcher <> - set environment variable: OMP_TOOL = disabled
110 [23026067322752] INFO perfrun.launcher <> - set environment variable: INTEL_MRTE_DATA_DIR = /scratch/2904303/advixe-tmp-curso394/advixe-res-1502483-40607541048078937/data.0
110 [23026067322752] INFO perfrun.launcher <> - set environment variable: INTEL_MRTE_HOST_NAME = c206-3
110 [23026067322752] INFO perfrun.launcher <> - RpcServer: run RPC server to handle requests
112 [23026067322752] INFO perfrun.launcher <> - Launcher: command line to start before modification = ./dgesv 1024
112 [23026067322752] INFO perfrun.launcher <> - Launcher: command line to start after modification = /mnt/netapp1/Optcesga_FT2_RHEL7/2020/software/Core/advisor/2021.4.0/advisor/2021.4.0/bin64/pin -error_file /scratch/2904303/advixe-tmp-curso394/advixe-res-1502483-40607541048078937/data.0/pinerr.tpsslog -detach_reattach -follow_execv -tool_load_option deepbind -t64 /mnt/netapp1/Optcesga_FT2_RHEL7/2020/software/Core/advisor/2021.4.0/advisor/2021.4.0/lib64/libtpsstool.so -t /mnt/netapp1/Optcesga_FT2_RHEL7/2020/software/Core/advisor/2021.4.0/advisor/2021.4.0/lib32/libtpsstool.so -server_name tpss_ipc.1502483 -prd_dir /mnt/netapp1/Optcesga_FT2_RHEL7/2020/software/Core/advisor/2021.4.0/advisor/2021.4.0 -- ./dgesv 1024
112 [23026067322752] INFO perfrun.launcher <> - ProcessCreator object was created
113 [23026067322752] INFO perfrun.launcher <> - Launcher: the process was started in suspend mode
118 [23025941341952] WARN perfrun.system <> - Could not do anything with /sys/kernel/debug/kvm: boost::filesystem::status: Permission denied: "/sys/kernel/debug/kvm", at file: vcs/perfrun1/plugins/system/src/trace_writer.cpp:797
118 [23025941341952] WARN perfrun.system <> - Folder "/var/run/libvirt/qemu/"doesn't exist, at file: vcs/perfrun1/plugins/system/src/trace_writer.cpp:810
122 [23025941341952] WARN perfrun.system <> - SEP tool is not available, at file: vcs/perfrun1/plugins/system/src/device_mapper.cpp:564
122 [23025941341952] WARN perfrun.system <> - SEP driver is not available, at file: vcs/perfrun1/plugins/system/src/device_mapper.cpp:720
122 [23025941341952] WARN perfrun.system <> - amplxe-perf tool is not available, at file: vcs/perfrun1/plugins/system/src/device_mapper.cpp:580
122 [23025941341952] WARN perfrun.system <> - Device mapping through perf is not available on current kernel, at file: vcs/perfrun1/plugins/system/src/device_mapper.cpp:918
125 [23025941341952] WARN perfrun.system <> - SEP tool is not available, at file: vcs/perfrun1/plugins/system/src/device_mapper.cpp:564
125 [23025941341952] WARN perfrun.system <> - SEP driver is not available, at file: vcs/perfrun1/plugins/system/src/device_mapper.cpp:720
125 [23025941341952] WARN perfrun.system <> - SEP tool is not available, at file: vcs/perfrun1/plugins/system/src/device_mapper.cpp:564
125 [23025941341952] WARN perfrun.system <> - SEP driver is not available, at file: vcs/perfrun1/plugins/system/src/device_mapper.cpp:720
125 [23025941341952] WARN perfrun.sdk <> - Failed to find xl binary on any of the system paths: /bin, /sbin, /usr/bin, /usr/sbin., at file: vcs/perfrun1/sdk/src/utils.cpp:197
130 [23025941341952] INFO perfrun.vdso <> - Helper runtool '/mnt/netapp1/Optcesga_FT2_RHEL7/2020/software/Core/advisor/2021.4.0/advisor/2021.4.0/bin32/advixe-runss -dump-vdso -r /scratch/2904303/advixe-tmp-curso394/advixe-res-1502483-40607541048078937 --tmp-dir /scratch/2904303/advixe-tmp-curso394' returned 1
232 [23025941341952] INFO perfrun.vdso <> - Helper runtool '/mnt/netapp1/Optcesga_FT2_RHEL7/2020/software/Core/advisor/2021.4.0/advisor/2021.4.0/bin64/advixe-runss -dump-vdso -r /scratch/2904303/advixe-tmp-curso394/advixe-res-1502483-40607541048078937 --tmp-dir /scratch/2904303/advixe-tmp-curso394' returned 0
232 [23025941341952] INFO perfrun.itt <> - start itt controller for pid #1502488
232 [23025941341952] INFO perfrun.tpss <> - start tpss controller for pid #1502488
282 [23026067322752] INFO perfrun.launcher <> - Launcher: all plugins were started
282 [23026067322752] INFO perfrun.launcher <> - DirectoryMonitor object was created
282 [23026067322752] INFO perfrun.launcher <> - DirectoryMonitor: a callback was added
282 [23026067322752] INFO perfrun.launcher <> - DirectoryMonitor was started with pingTime = 1000
282 [23026067322752] INFO perfrun.launcher <> - DeadlineTimer is going to be constructed
282 [23026067322752] INFO perfrun.launcher <> - DeadlineTimer: a callback was added
288 [23026067322752] INFO perfrun.launcher <> - Launcher: resume the profiled application and  wait its termination or stop command
1060 [23026067322752] INFO perfrun.launcher <> - Launcher: the profiled application was terminated  with exit code = 0
1064 [23025941341952] INFO perfrun.itt <> - stop itt controller
1064 [23025941341952] INFO perfrun.itt <> - detach itt controller
1064 [23025941341952] INFO perfrun.tpss <> - stop tpss controller
1064 [23025941341952] INFO perfrun.sdk <> - De-allocating TMU: /scratch/2904303/advixe-tmp-curso394/advixe-res-1502483-40607541048078937/data.0/systemcollector-1502483-c206-3.sc
1064 [23025941341952] INFO perfrun.system <> - closed the system trace file: /scratch/2904303/advixe-tmp-curso394/advixe-res-1502483-40607541048078937/data.0/systemcollector-1502483-c206-3.sc
1064 [23026067322752] INFO perfrun.launcher <> - Launcher: all plugins were stopped.
1064 [23026067322752] INFO perfrun.launcher <> - DeadlineTimer is going to be destroyed
1064 [23026067322752] INFO perfrun.launcher <> - DeadlineTimer was destroyed
1064 [23026067322752] INFO perfrun.launcher <> - DirectoryMonitor object was destroyed
1064 [23026067322752] WARN perfrun.launcher <> - Stop command is ignored because it is received when collection is already stopped, at file: vcs/perfrun1/launcher/src/command_handler.cpp:212
1087 [23026067322752] INFO perfrun.launcher <> - Application exit code: 0
1087 [23026067322752] INFO perfrun.launcher <> - Exit code: 0
