<?xml version="1.0" encoding="utf-8" ?>
<!-- DO NOT EDIT THIS FILE -->

<log version='2.0' source='trc'>
	<msg id='1' display='false' source='trc'>
		<type>PROCESS_START</type>
		<severity>INFO</severity>
		<timestamp>Fri Nov 28 19:45:29 2025</timestamp>
		<arg name='process'>/mnt/netapp2/Home_FT2/home/ulc/cursos/curso394/HPCTools_trabajo/compilers_y_profiling/hpctools/dgesv</arg>
		<arg name='pid'>1502578</arg>
	</msg>
	<!-- Instrumentation filter's state:
    Patterns applicability:
        Generic loop pattern.....................: disabled
        Generic loop pattern (with dynamic jumps): disabled
        Known trip value loop pattern............: disabled
        Runtime final value loop pattern.........: disabled
        No initial IV loop pattern...............: disabled
        IV step only loop pattern................: disabled
        No entry loop pattern....................: disabled
    Clustered memory model (CMM) applicability:
        Generic loop pattern.....................: enabled
        Generic loop pattern (with dynamic jumps): enabled
        Known trip value loop pattern............: enabled
        Runtime final value loop pattern.........: enabled
        No initial IV loop pattern...............: enabled
        IV step only loop pattern................: enabled
        No entry loop pattern....................: disabled
 -->
	<!-- Callstack mode:
    filter modules.........: true
    filter routines........: true
    count loops............: false
    count flops............: false
    trace..................: false
    extended trace.........: false
    omp trace..............: false
    jit trace..............: false
    failures trace.........: false
    dump raw...............: false
    dump final.............: false
    dump all...............: false
    stack stitching........: true
    stl profiling..........: true
    aggressive frame switch: true
    unwind frame exit......: true
    analyze child loops....: true
 -->
	<!-- Managed application profiling: -->
	<!-- 	State...................: enabled -->
	<!-- Gpu Profiling: -->
	<!-- 	State: disabled -->
	<msg id='2' display='false' source='trc'>
		<type>PROCESS_ANALYSIS_MODE</type>
		<severity>INFO</severity>
		<timestamp>Fri Nov 28 19:45:29 2025</timestamp>
		<arg name='mode'>full</arg>
	</msg>
	<!-- Update image info for [1:0x400000:YN] /mnt/netapp2/Home_FT2/home/ulc/cursos/curso394/HPCTools_trabajo/compilers_y_profiling/hpctools/dgesv -->
	<msg id='3' display='false' source='trc'>
		<type>LOAD_MODULE</type>
		<severity>INFO</severity>
		<timestamp>Fri Nov 28 19:45:29 2025</timestamp>
		<arg name='module'>/mnt/netapp2/Home_FT2/home/ulc/cursos/curso394/HPCTools_trabajo/compilers_y_profiling/hpctools/dgesv</arg>
		<arg name='basement'>0x400000</arg>
		<arg name='ceiling'>0x40d47f</arg>
		<arg name='symtab'>yes</arg>
	</msg>
	<!-- Instrumenting image: id = 1, name = /mnt/netapp2/Home_FT2/home/ulc/cursos/curso394/HPCTools_trabajo/compilers_y_profiling/hpctools/dgesv -->
	<!-- skipping routine "__intel_avx_rep_memcpy", reason cannot build control-flow graph (HasDynamicJumps) -->
	<!-- Update image info for [2:0x1477A1C6D000:NN] /mnt/netapp1/Optcesga_FT2_RHEL7/2020/gentoo/22072020/lib64/ld-linux-x86-64.so.2 -->
	<msg id='4' display='false' source='trc'>
		<type>LOAD_MODULE</type>
		<severity>INFO</severity>
		<timestamp>Fri Nov 28 19:45:29 2025</timestamp>
		<arg name='module'>/mnt/netapp1/Optcesga_FT2_RHEL7/2020/gentoo/22072020/lib64/ld-linux-x86-64.so.2</arg>
		<arg name='basement'>0x1477a1c6d000</arg>
		<arg name='ceiling'>0x1477a1c98137</arg>
		<arg name='symtab'>no</arg>
	</msg>
	<!-- Instrumentation of /mnt/netapp1/Optcesga_FT2_RHEL7/2020/gentoo/22072020/lib64/ld-linux-x86-64.so.2 image skipped because of filter conditions [cs-mode]. -->
	<!-- Update image info for [3:0x7FFF225F1000:NN] [vdso] -->
	<msg id='5' display='false' source='trc'>
		<type>LOAD_MODULE</type>
		<severity>INFO</severity>
		<timestamp>Fri Nov 28 19:45:29 2025</timestamp>
		<arg name='module'>[vdso]</arg>
		<arg name='basement'>0x7fff225f1000</arg>
		<arg name='ceiling'>0x7fff225f1f5c</arg>
		<arg name='symtab'>no</arg>
	</msg>
	<!-- Instrumentation of [vdso] image skipped because of filter conditions [cs-mode]. -->
	<!-- Update image info for [4:0x14778AEC8000:NN] /mnt/netapp1/Optcesga_FT2_RHEL7/2020/gentoo/22072020/usr/lib64/libopenblas.so.0 -->
	<msg id='6' display='false' source='trc'>
		<type>LOAD_MODULE</type>
		<severity>INFO</severity>
		<timestamp>Fri Nov 28 19:45:29 2025</timestamp>
		<arg name='module'>/mnt/netapp1/Optcesga_FT2_RHEL7/2020/gentoo/22072020/usr/lib64/libopenblas.so.0</arg>
		<arg name='basement'>0x14778aec8000</arg>
		<arg name='ceiling'>0x14778bc173cf</arg>
		<arg name='symtab'>no</arg>
	</msg>
	<!-- Instrumentation of /mnt/netapp1/Optcesga_FT2_RHEL7/2020/gentoo/22072020/usr/lib64/libopenblas.so.0 image skipped because of filter conditions [cs-mode]. -->
	<!-- Update image info for [5:0x14778AD56000:NN] /mnt/netapp1/Optcesga_FT2_RHEL7/2020/gentoo/22072020/lib64/libm.so.6 -->
	<msg id='7' display='false' source='trc'>
		<type>LOAD_MODULE</type>
		<severity>INFO</severity>
		<timestamp>Fri Nov 28 19:45:29 2025</timestamp>
		<arg name='module'>/mnt/netapp1/Optcesga_FT2_RHEL7/2020/gentoo/22072020/lib64/libm.so.6</arg>
		<arg name='basement'>0x14778ad56000</arg>
		<arg name='ceiling'>0x14778ae9710f</arg>
		<arg name='symtab'>no</arg>
	</msg>
	<!-- Instrumentation of /mnt/netapp1/Optcesga_FT2_RHEL7/2020/gentoo/22072020/lib64/libm.so.6 image skipped because of filter conditions [cs-mode]. -->
	<!-- Update image info for [6:0x14778AD2E000:NN] /opt/cesga/2020/software/Core/advisor/2021.4.0/advisor/2021.4.0/lib64/libgcc_s.so.1 -->
	<msg id='8' display='false' source='trc'>
		<type>LOAD_MODULE</type>
		<severity>INFO</severity>
		<timestamp>Fri Nov 28 19:45:29 2025</timestamp>
		<arg name='module'>/opt/cesga/2020/software/Core/advisor/2021.4.0/advisor/2021.4.0/lib64/libgcc_s.so.1</arg>
		<arg name='basement'>0x14778ad2e000</arg>
		<arg name='ceiling'>0x14778ad48447</arg>
		<arg name='symtab'>no</arg>
	</msg>
	<!-- Instrumentation of /opt/cesga/2020/software/Core/advisor/2021.4.0/advisor/2021.4.0/lib64/libgcc_s.so.1 image skipped because of filter conditions [cs-mode]. -->
	<!-- Update image info for [7:0x14778AB62000:NN] /mnt/netapp1/Optcesga_FT2_RHEL7/2020/gentoo/22072020/lib64/libc.so.6 -->
	<msg id='9' display='false' source='trc'>
		<type>LOAD_MODULE</type>
		<severity>INFO</severity>
		<timestamp>Fri Nov 28 19:45:29 2025</timestamp>
		<arg name='module'>/mnt/netapp1/Optcesga_FT2_RHEL7/2020/gentoo/22072020/lib64/libc.so.6</arg>
		<arg name='basement'>0x14778ab62000</arg>
		<arg name='ceiling'>0x14778ad1e5cf</arg>
		<arg name='symtab'>no</arg>
	</msg>
	<!-- Instrumentation of /mnt/netapp1/Optcesga_FT2_RHEL7/2020/gentoo/22072020/lib64/libc.so.6 image skipped because of filter conditions. -->
	<!-- Update image info for [8:0x14778AD50000:NN] /mnt/netapp1/Optcesga_FT2_RHEL7/2020/gentoo/22072020/lib64/libdl.so.2 -->
	<msg id='10' display='false' source='trc'>
		<type>LOAD_MODULE</type>
		<severity>INFO</severity>
		<timestamp>Fri Nov 28 19:45:29 2025</timestamp>
		<arg name='module'>/mnt/netapp1/Optcesga_FT2_RHEL7/2020/gentoo/22072020/lib64/libdl.so.2</arg>
		<arg name='basement'>0x14778ad50000</arg>
		<arg name='ceiling'>0x14778ad5510f</arg>
		<arg name='symtab'>no</arg>
	</msg>
	<!-- Instrumentation of /mnt/netapp1/Optcesga_FT2_RHEL7/2020/gentoo/22072020/lib64/libdl.so.2 image skipped because of filter conditions [cs-mode]. -->
	<!-- Update image info for [9:0x14778AB41000:YN] /mnt/netapp1/Optcesga_FT2_RHEL7/2020/gentoo/22072020/lib64/libpthread.so.0 -->
	<msg id='11' display='false' source='trc'>
		<type>LOAD_MODULE</type>
		<severity>INFO</severity>
		<timestamp>Fri Nov 28 19:45:29 2025</timestamp>
		<arg name='module'>/mnt/netapp1/Optcesga_FT2_RHEL7/2020/gentoo/22072020/lib64/libpthread.so.0</arg>
		<arg name='basement'>0x14778ab41000</arg>
		<arg name='ceiling'>0x14778ab6146f</arg>
		<arg name='symtab'>yes</arg>
	</msg>
	<!-- Instrumentation of /mnt/netapp1/Optcesga_FT2_RHEL7/2020/gentoo/22072020/lib64/libpthread.so.0 image skipped because of filter conditions [cs-mode]. -->
	<!-- Update image info for [10:0x14778A886000:NN] /mnt/netapp1/Optcesga_FT2_RHEL7/2020/gentoo/22072020/usr/lib/gcc/x86_64-pc-linux-gnu/11.2.0/libgfortran.so.5 -->
	<msg id='12' display='false' source='trc'>
		<type>LOAD_MODULE</type>
		<severity>INFO</severity>
		<timestamp>Fri Nov 28 19:45:29 2025</timestamp>
		<arg name='module'>/mnt/netapp1/Optcesga_FT2_RHEL7/2020/gentoo/22072020/usr/lib/gcc/x86_64-pc-linux-gnu/11.2.0/libgfortran.so.5</arg>
		<arg name='basement'>0x14778a886000</arg>
		<arg name='ceiling'>0x14778ab407ff</arg>
		<arg name='symtab'>no</arg>
	</msg>
	<!-- Instrumentation of /mnt/netapp1/Optcesga_FT2_RHEL7/2020/gentoo/22072020/usr/lib/gcc/x86_64-pc-linux-gnu/11.2.0/libgfortran.so.5 image skipped because of filter conditions [cs-mode]. -->
	<!-- Update image info for [11:0x14778A841000:NN] /mnt/netapp1/Optcesga_FT2_RHEL7/2020/gentoo/22072020/usr/lib/gcc/x86_64-pc-linux-gnu/11.2.0/libgomp.so.1 -->
	<msg id='13' display='false' source='trc'>
		<type>LOAD_MODULE</type>
		<severity>INFO</severity>
		<timestamp>Fri Nov 28 19:45:29 2025</timestamp>
		<arg name='module'>/mnt/netapp1/Optcesga_FT2_RHEL7/2020/gentoo/22072020/usr/lib/gcc/x86_64-pc-linux-gnu/11.2.0/libgomp.so.1</arg>
		<arg name='basement'>0x14778a841000</arg>
		<arg name='ceiling'>0x14778a88394f</arg>
		<arg name='symtab'>no</arg>
	</msg>
	<!-- Instrumentation of /mnt/netapp1/Optcesga_FT2_RHEL7/2020/gentoo/22072020/usr/lib/gcc/x86_64-pc-linux-gnu/11.2.0/libgomp.so.1 image skipped because of filter conditions [cs-mode]. -->
	<!-- Update image info for [12:0x14778A7C6000:NN] /mnt/netapp1/Optcesga_FT2_RHEL7/2020/gentoo/22072020/usr/lib/gcc/x86_64-pc-linux-gnu/11.2.0/libquadmath.so.0 -->
	<msg id='14' display='false' source='trc'>
		<type>LOAD_MODULE</type>
		<severity>INFO</severity>
		<timestamp>Fri Nov 28 19:45:29 2025</timestamp>
		<arg name='module'>/mnt/netapp1/Optcesga_FT2_RHEL7/2020/gentoo/22072020/usr/lib/gcc/x86_64-pc-linux-gnu/11.2.0/libquadmath.so.0</arg>
		<arg name='basement'>0x14778a7c6000</arg>
		<arg name='ceiling'>0x14778a80f2bf</arg>
		<arg name='symtab'>no</arg>
	</msg>
	<!-- Instrumentation of /mnt/netapp1/Optcesga_FT2_RHEL7/2020/gentoo/22072020/usr/lib/gcc/x86_64-pc-linux-gnu/11.2.0/libquadmath.so.0 image skipped because of filter conditions [cs-mode]. -->
	<msg id='15' display='false' source='trc'>
		<type>UNLOAD_MODULE</type>
		<severity>INFO</severity>
		<timestamp>Fri Nov 28 19:45:30 2025</timestamp>
		<arg name='module'>/mnt/netapp2/Home_FT2/home/ulc/cursos/curso394/HPCTools_trabajo/compilers_y_profiling/hpctools/dgesv</arg>
	</msg>
	<msg id='16' display='false' source='trc'>
		<type>UNLOAD_MODULE</type>
		<severity>INFO</severity>
		<timestamp>Fri Nov 28 19:45:30 2025</timestamp>
		<arg name='module'>/mnt/netapp1/Optcesga_FT2_RHEL7/2020/gentoo/22072020/lib64/ld-linux-x86-64.so.2</arg>
	</msg>
	<msg id='17' display='false' source='trc'>
		<type>UNLOAD_MODULE</type>
		<severity>INFO</severity>
		<timestamp>Fri Nov 28 19:45:30 2025</timestamp>
		<arg name='module'>[vdso]</arg>
	</msg>
	<msg id='18' display='false' source='trc'>
		<type>UNLOAD_MODULE</type>
		<severity>INFO</severity>
		<timestamp>Fri Nov 28 19:45:30 2025</timestamp>
		<arg name='module'>/mnt/netapp1/Optcesga_FT2_RHEL7/2020/gentoo/22072020/usr/lib64/libopenblas.so.0</arg>
	</msg>
	<msg id='19' display='false' source='trc'>
		<type>UNLOAD_MODULE</type>
		<severity>INFO</severity>
		<timestamp>Fri Nov 28 19:45:30 2025</timestamp>
		<arg name='module'>/mnt/netapp1/Optcesga_FT2_RHEL7/2020/gentoo/22072020/lib64/libm.so.6</arg>
	</msg>
	<msg id='20' display='false' source='trc'>
		<type>UNLOAD_MODULE</type>
		<severity>INFO</severity>
		<timestamp>Fri Nov 28 19:45:30 2025</timestamp>
		<arg name='module'>/opt/cesga/2020/software/Core/advisor/2021.4.0/advisor/2021.4.0/lib64/libgcc_s.so.1</arg>
	</msg>
	<msg id='21' display='false' source='trc'>
		<type>UNLOAD_MODULE</type>
		<severity>INFO</severity>
		<timestamp>Fri Nov 28 19:45:30 2025</timestamp>
		<arg name='module'>/mnt/netapp1/Optcesga_FT2_RHEL7/2020/gentoo/22072020/lib64/libc.so.6</arg>
	</msg>
	<msg id='22' display='false' source='trc'>
		<type>UNLOAD_MODULE</type>
		<severity>INFO</severity>
		<timestamp>Fri Nov 28 19:45:30 2025</timestamp>
		<arg name='module'>/mnt/netapp1/Optcesga_FT2_RHEL7/2020/gentoo/22072020/lib64/libdl.so.2</arg>
	</msg>
	<msg id='23' display='false' source='trc'>
		<type>UNLOAD_MODULE</type>
		<severity>INFO</severity>
		<timestamp>Fri Nov 28 19:45:30 2025</timestamp>
		<arg name='module'>/mnt/netapp1/Optcesga_FT2_RHEL7/2020/gentoo/22072020/lib64/libpthread.so.0</arg>
	</msg>
	<msg id='24' display='false' source='trc'>
		<type>UNLOAD_MODULE</type>
		<severity>INFO</severity>
		<timestamp>Fri Nov 28 19:45:30 2025</timestamp>
		<arg name='module'>/mnt/netapp1/Optcesga_FT2_RHEL7/2020/gentoo/22072020/usr/lib/gcc/x86_64-pc-linux-gnu/11.2.0/libgfortran.so.5</arg>
	</msg>
	<msg id='25' display='false' source='trc'>
		<type>UNLOAD_MODULE</type>
		<severity>INFO</severity>
		<timestamp>Fri Nov 28 19:45:30 2025</timestamp>
		<arg name='module'>/mnt/netapp1/Optcesga_FT2_RHEL7/2020/gentoo/22072020/usr/lib/gcc/x86_64-pc-linux-gnu/11.2.0/libgomp.so.1</arg>
	</msg>
	<msg id='26' display='false' source='trc'>
		<type>UNLOAD_MODULE</type>
		<severity>INFO</severity>
		<timestamp>Fri Nov 28 19:45:30 2025</timestamp>
		<arg name='module'>/mnt/netapp1/Optcesga_FT2_RHEL7/2020/gentoo/22072020/usr/lib/gcc/x86_64-pc-linux-gnu/11.2.0/libquadmath.so.0</arg>
	</msg>
	<msg id='27' display='false' source='trc'>
		<type>PROCESS_FINISH</type>
		<severity>INFO</severity>
		<timestamp>Fri Nov 28 19:45:30 2025</timestamp>
		<arg name='process'>/mnt/netapp2/Home_FT2/home/ulc/cursos/curso394/HPCTools_trabajo/compilers_y_profiling/hpctools/dgesv</arg>
		<arg name='pid'>1502578</arg>
		<arg name='exitcode'>0x0</arg>
	</msg>
	<!-- Application exited with code 0 -->
</log>